INFO  | 2021-03-30 17:58:02 | [TestNG] core.AbstractPage (AbstractPage.java:24) - gotoRegisterPage : http://fxcewl-fe-genefx.ipc-fe.stg.s3-website-ap-southeast-1.amazonaws.com/register
INFO  | 2021-03-30 17:58:02 | [TestNG] core.AbstractPage (AbstractPage.java:24) - inputUsername : auto.dev.7tifprj3vt@yopmail.com
INFO  | 2021-03-30 17:58:05 | [TestNG] core.AbstractPage (AbstractPage.java:24) - gotoRegisterPage : http://fxcewl-fe-genefx.ipc-fe.stg.s3-website-ap-southeast-1.amazonaws.com/register
INFO  | 2021-03-30 17:58:05 | [TestNG] core.AbstractPage (AbstractPage.java:24) - inputUsername : auto.dev.vlbx7u093i@yopmail.com
INFO  | 2021-03-30 20:22:39 | [TestNG] core.AbstractPage (AbstractPage.java:24) - gotoRegisterPage : http://fxcewl-fe-genefx.ipc-fe.stg.s3-website-ap-southeast-1.amazonaws.com/register
INFO  | 2021-03-30 20:22:39 | [TestNG] core.AbstractPage (AbstractPage.java:24) - inputUsername : auto.dev.wcyrpolxcs@yopmail.com
INFO  | 2021-03-30 20:22:54 | [TestNG] core.AbstractPage (AbstractPage.java:24) - inputPassword : Auto@123
INFO  | 2021-03-30 20:22:54 | [TestNG] core.AbstractPage (AbstractPage.java:24) - inputRePassword : Auto@123
INFO  | 2021-03-30 20:22:54 | [TestNG] core.AbstractPage (AbstractPage.java:24) - checkPolicyALL : (//div[contains(@class,'checkmark')])[1]
INFO  | 2021-03-30 20:22:54 | [TestNG] core.AbstractPage (AbstractPage.java:24) - checkPolicyALL : (//div[contains(@class,'checkmark')])[2]
INFO  | 2021-03-30 20:22:54 | [TestNG] core.AbstractPage (AbstractPage.java:24) - checkPolicyALL : (//div[contains(@class,'checkmark')])[3]
INFO  | 2021-03-30 20:22:54 | [TestNG] core.AbstractPage (AbstractPage.java:24) - clickRegister : //div[contains(@class,'form-signup')]//button
INFO  | 2021-03-30 20:22:56 | [TestNG] core.AbstractPage (AbstractPage.java:24) - gotoYopMailPage : http://www.yopmail.com/en/
INFO  | 2021-03-30 20:22:57 | [TestNG] core.AbstractPage (AbstractPage.java:24) - inputEmail : auto.dev.wcyrpolxcs@yopmail.com
INFO  | 2021-03-30 20:22:59 | [TestNG] core.AbstractPage (AbstractPage.java:24) - clickCheckInbox : //input[@type='submit']
INFO  | 2021-03-30 20:23:31 | [TestNG] core.AbstractPage (AbstractPage.java:34) - verifyTrue
INFO  | 2021-03-30 20:23:31 | [TestNG] core.AbstractPage (AbstractPage.java:24) - gotoLoginPage : http://fxcewl-fe-genefx.ipc-fe.stg.s3-website-ap-southeast-1.amazonaws.com/login
INFO  | 2021-03-30 20:23:31 | [TestNG] core.AbstractPage (AbstractPage.java:24) - inputUserName : auto.dev.wcyrpolxcs@yopmail.com
INFO  | 2021-03-30 20:23:31 | [TestNG] core.AbstractPage (AbstractPage.java:24) - inputPassWord : Auto@123
INFO  | 2021-03-30 20:23:32 | [TestNG] core.AbstractPage (AbstractPage.java:24) - clickLogin : //button[contains(@class,'btn-left')]
INFO  | 2021-03-30 20:24:57 | [TestNG] core.AbstractPage (AbstractPage.java:24) - gotoRegisterPage : http://fxcewl-fe-genefx.ipc-fe.stg.s3-website-ap-southeast-1.amazonaws.com/register
INFO  | 2021-03-30 20:24:57 | [TestNG] core.AbstractPage (AbstractPage.java:24) - inputUsername : auto.dev.fikt6npel6@yopmail.com
INFO  | 2021-03-30 20:25:28 | [TestNG] core.AbstractPage (AbstractPage.java:24) - gotoLoginPage : http://fxcewl-fe-genefx.ipc-fe.stg.s3-website-ap-southeast-1.amazonaws.com/login
